

Microchip MPLAB XC8 Assembler V2.31 build 20201012212115 
                                                                                               Tue Feb 23 16:19:09 2021

Microchip MPLAB XC8 C Compiler v2.31 (Free license) build 20201012212115 Og1 
     1                           	processor	16F887
     2                           	pagewidth 120
     3                           	opt	flic
     4                           	psect	cinit,global,class=CODE,merge=1,delta=2
     5                           	psect	bssCOMMON,global,class=COMMON,space=1,delta=1,noexec
     6                           	psect	cstackCOMMON,global,class=COMMON,space=1,delta=1,noexec
     7                           	psect	maintext,global,class=CODE,split=1,delta=2
     8                           	psect	text1,local,class=CODE,merge=1,delta=2
     9                           	psect	text2,local,class=CODE,merge=1,delta=2
    10                           	psect	text3,local,class=CODE,merge=1,delta=2
    11                           	psect	text4,local,class=CODE,merge=1,delta=2
    12                           	psect	text5,local,class=CODE,merge=1,delta=2
    13                           	psect	intentry,global,class=CODE,delta=2
    14                           	psect	config,global,abs,ovrld,class=CONFIG,space=4,delta=2,noexec
    15                           	dabs	1,0x7E,2
    16  0000                     
    17                           ; Version 2.20
    18                           ; Generated 12/02/2020 GMT
    19                           ; 
    20                           ; Copyright © 2020, Microchip Technology Inc. and its subsidiaries ("Microchip")
    21                           ; All rights reserved.
    22                           ; 
    23                           ; This software is developed by Microchip Technology Inc. and its subsidiaries ("Microch
      +                          ip").
    24                           ; 
    25                           ; Redistribution and use in source and binary forms, with or without modification, are
    26                           ; permitted provided that the following conditions are met:
    27                           ; 
    28                           ;     1. Redistributions of source code must retain the above copyright notice, this lis
      +                          t of
    29                           ;        conditions and the following disclaimer.
    30                           ; 
    31                           ;     2. Redistributions in binary form must reproduce the above copyright notice, this 
      +                          list
    32                           ;        of conditions and the following disclaimer in the documentation and/or other
    33                           ;        materials provided with the distribution.
    34                           ; 
    35                           ;     3. Microchip's name may not be used to endorse or promote products derived from th
      +                          is
    36                           ;        software without specific prior written permission.
    37                           ; 
    38                           ; THIS SOFTWARE IS PROVIDED BY MICROCHIP "AS IS" AND ANY EXPRESS OR IMPLIED WARRANTIES,
    39                           ; INCLUDING, BUT NOT LIMITED TO, THE IMPLIED WARRANTIES OF MERCHANTABILITY AND FITNESS F
      +                          OR
    40                           ; PURPOSE ARE DISCLAIMED.  IN NO EVENT SHALL MICROCHIP BE LIABLE FOR ANY DIRECT, INDIREC
      +                          T,
    41                           ; INCIDENTAL, SPECIAL, EXEMPLARY, OR CONSEQUENTIAL DAMAGES (INCLUDING BUT NOT LIMITED TO
    42                           ; PROCUREMENT OF SUBSTITUTE GOODS OR SERVICES; LOSS OF USE, DATA OR PROFITS; OR BUSINESS
    43                           ; INTERRUPTION) HOWSOEVER CAUSED AND ON ANY THEORY OF LIABILITY, WHETHER IN CONTRACT, ST
      +                          RICT
    44                           ; LIABILITY, OR TORT (INCLUDING NEGLIGENCE OR OTHERWISE) ARISING IN ANY WAY OUT OF THE U
      +                          SE OF
    45                           ; THIS SOFTWARE, EVEN IF ADVISED OF THE POSSIBILITY OF SUCH DAMAGE.
    46                           ; 
    47                           ; 
    48                           ; Code-generator required, PIC16F887 Definitions
    49                           ; 
    50                           ; SFR Addresses
    51  0000                     	;# 
    52  0001                     	;# 
    53  0002                     	;# 
    54  0003                     	;# 
    55  0004                     	;# 
    56  0005                     	;# 
    57  0006                     	;# 
    58  0007                     	;# 
    59  0008                     	;# 
    60  0009                     	;# 
    61  000A                     	;# 
    62  000B                     	;# 
    63  000C                     	;# 
    64  000D                     	;# 
    65  000E                     	;# 
    66  000E                     	;# 
    67  000F                     	;# 
    68  0010                     	;# 
    69  0011                     	;# 
    70  0012                     	;# 
    71  0013                     	;# 
    72  0014                     	;# 
    73  0015                     	;# 
    74  0015                     	;# 
    75  0016                     	;# 
    76  0017                     	;# 
    77  0018                     	;# 
    78  0019                     	;# 
    79  001A                     	;# 
    80  001B                     	;# 
    81  001B                     	;# 
    82  001C                     	;# 
    83  001D                     	;# 
    84  001E                     	;# 
    85  001F                     	;# 
    86  0081                     	;# 
    87  0085                     	;# 
    88  0086                     	;# 
    89  0087                     	;# 
    90  0088                     	;# 
    91  0089                     	;# 
    92  008C                     	;# 
    93  008D                     	;# 
    94  008E                     	;# 
    95  008F                     	;# 
    96  0090                     	;# 
    97  0091                     	;# 
    98  0092                     	;# 
    99  0093                     	;# 
   100  0093                     	;# 
   101  0093                     	;# 
   102  0094                     	;# 
   103  0095                     	;# 
   104  0096                     	;# 
   105  0097                     	;# 
   106  0098                     	;# 
   107  0099                     	;# 
   108  009A                     	;# 
   109  009B                     	;# 
   110  009C                     	;# 
   111  009D                     	;# 
   112  009E                     	;# 
   113  009F                     	;# 
   114  0105                     	;# 
   115  0107                     	;# 
   116  0108                     	;# 
   117  0109                     	;# 
   118  010C                     	;# 
   119  010C                     	;# 
   120  010D                     	;# 
   121  010E                     	;# 
   122  010F                     	;# 
   123  0185                     	;# 
   124  0187                     	;# 
   125  0188                     	;# 
   126  0189                     	;# 
   127  018C                     	;# 
   128  018D                     	;# 
   129  0000                     	;# 
   130  0001                     	;# 
   131  0002                     	;# 
   132  0003                     	;# 
   133  0004                     	;# 
   134  0005                     	;# 
   135  0006                     	;# 
   136  0007                     	;# 
   137  0008                     	;# 
   138  0009                     	;# 
   139  000A                     	;# 
   140  000B                     	;# 
   141  000C                     	;# 
   142  000D                     	;# 
   143  000E                     	;# 
   144  000E                     	;# 
   145  000F                     	;# 
   146  0010                     	;# 
   147  0011                     	;# 
   148  0012                     	;# 
   149  0013                     	;# 
   150  0014                     	;# 
   151  0015                     	;# 
   152  0015                     	;# 
   153  0016                     	;# 
   154  0017                     	;# 
   155  0018                     	;# 
   156  0019                     	;# 
   157  001A                     	;# 
   158  001B                     	;# 
   159  001B                     	;# 
   160  001C                     	;# 
   161  001D                     	;# 
   162  001E                     	;# 
   163  001F                     	;# 
   164  0081                     	;# 
   165  0085                     	;# 
   166  0086                     	;# 
   167  0087                     	;# 
   168  0088                     	;# 
   169  0089                     	;# 
   170  008C                     	;# 
   171  008D                     	;# 
   172  008E                     	;# 
   173  008F                     	;# 
   174  0090                     	;# 
   175  0091                     	;# 
   176  0092                     	;# 
   177  0093                     	;# 
   178  0093                     	;# 
   179  0093                     	;# 
   180  0094                     	;# 
   181  0095                     	;# 
   182  0096                     	;# 
   183  0097                     	;# 
   184  0098                     	;# 
   185  0099                     	;# 
   186  009A                     	;# 
   187  009B                     	;# 
   188  009C                     	;# 
   189  009D                     	;# 
   190  009E                     	;# 
   191  009F                     	;# 
   192  0105                     	;# 
   193  0107                     	;# 
   194  0108                     	;# 
   195  0109                     	;# 
   196  010C                     	;# 
   197  010C                     	;# 
   198  010D                     	;# 
   199  010E                     	;# 
   200  010F                     	;# 
   201  0185                     	;# 
   202  0187                     	;# 
   203  0188                     	;# 
   204  0189                     	;# 
   205  018C                     	;# 
   206  018D                     	;# 
   207  0000                     	;# 
   208  0001                     	;# 
   209  0002                     	;# 
   210  0003                     	;# 
   211  0004                     	;# 
   212  0005                     	;# 
   213  0006                     	;# 
   214  0007                     	;# 
   215  0008                     	;# 
   216  0009                     	;# 
   217  000A                     	;# 
   218  000B                     	;# 
   219  000C                     	;# 
   220  000D                     	;# 
   221  000E                     	;# 
   222  000E                     	;# 
   223  000F                     	;# 
   224  0010                     	;# 
   225  0011                     	;# 
   226  0012                     	;# 
   227  0013                     	;# 
   228  0014                     	;# 
   229  0015                     	;# 
   230  0015                     	;# 
   231  0016                     	;# 
   232  0017                     	;# 
   233  0018                     	;# 
   234  0019                     	;# 
   235  001A                     	;# 
   236  001B                     	;# 
   237  001B                     	;# 
   238  001C                     	;# 
   239  001D                     	;# 
   240  001E                     	;# 
   241  001F                     	;# 
   242  0081                     	;# 
   243  0085                     	;# 
   244  0086                     	;# 
   245  0087                     	;# 
   246  0088                     	;# 
   247  0089                     	;# 
   248  008C                     	;# 
   249  008D                     	;# 
   250  008E                     	;# 
   251  008F                     	;# 
   252  0090                     	;# 
   253  0091                     	;# 
   254  0092                     	;# 
   255  0093                     	;# 
   256  0093                     	;# 
   257  0093                     	;# 
   258  0094                     	;# 
   259  0095                     	;# 
   260  0096                     	;# 
   261  0097                     	;# 
   262  0098                     	;# 
   263  0099                     	;# 
   264  009A                     	;# 
   265  009B                     	;# 
   266  009C                     	;# 
   267  009D                     	;# 
   268  009E                     	;# 
   269  009F                     	;# 
   270  0105                     	;# 
   271  0107                     	;# 
   272  0108                     	;# 
   273  0109                     	;# 
   274  010C                     	;# 
   275  010C                     	;# 
   276  010D                     	;# 
   277  010E                     	;# 
   278  010F                     	;# 
   279  0185                     	;# 
   280  0187                     	;# 
   281  0188                     	;# 
   282  0189                     	;# 
   283  018C                     	;# 
   284  018D                     	;# 
   285  0000                     	;# 
   286  0001                     	;# 
   287  0002                     	;# 
   288  0003                     	;# 
   289  0004                     	;# 
   290  0005                     	;# 
   291  0006                     	;# 
   292  0007                     	;# 
   293  0008                     	;# 
   294  0009                     	;# 
   295  000A                     	;# 
   296  000B                     	;# 
   297  000C                     	;# 
   298  000D                     	;# 
   299  000E                     	;# 
   300  000E                     	;# 
   301  000F                     	;# 
   302  0010                     	;# 
   303  0011                     	;# 
   304  0012                     	;# 
   305  0013                     	;# 
   306  0014                     	;# 
   307  0015                     	;# 
   308  0015                     	;# 
   309  0016                     	;# 
   310  0017                     	;# 
   311  0018                     	;# 
   312  0019                     	;# 
   313  001A                     	;# 
   314  001B                     	;# 
   315  001B                     	;# 
   316  001C                     	;# 
   317  001D                     	;# 
   318  001E                     	;# 
   319  001F                     	;# 
   320  0081                     	;# 
   321  0085                     	;# 
   322  0086                     	;# 
   323  0087                     	;# 
   324  0088                     	;# 
   325  0089                     	;# 
   326  008C                     	;# 
   327  008D                     	;# 
   328  008E                     	;# 
   329  008F                     	;# 
   330  0090                     	;# 
   331  0091                     	;# 
   332  0092                     	;# 
   333  0093                     	;# 
   334  0093                     	;# 
   335  0093                     	;# 
   336  0094                     	;# 
   337  0095                     	;# 
   338  0096                     	;# 
   339  0097                     	;# 
   340  0098                     	;# 
   341  0099                     	;# 
   342  009A                     	;# 
   343  009B                     	;# 
   344  009C                     	;# 
   345  009D                     	;# 
   346  009E                     	;# 
   347  009F                     	;# 
   348  0105                     	;# 
   349  0107                     	;# 
   350  0108                     	;# 
   351  0109                     	;# 
   352  010C                     	;# 
   353  010C                     	;# 
   354  010D                     	;# 
   355  010E                     	;# 
   356  010F                     	;# 
   357  0185                     	;# 
   358  0187                     	;# 
   359  0188                     	;# 
   360  0189                     	;# 
   361  018C                     	;# 
   362  018D                     	;# 
   363  0013                     _SSPBUF	set	19
   364  0014                     _SSPCON	set	20
   365  000B                     _INTCONbits	set	11
   366  0009                     _PORTE	set	9
   367  0007                     _PORTC	set	7
   368  0006                     _PORTB	set	6
   369  0005                     _PORTA	set	5
   370  0006                     _PORTBbits	set	6
   371  001F                     _ADCON0bits	set	31
   372  001E                     _ADRESH	set	30
   373  0008                     _PORTD	set	8
   374  000C                     _PIR1bits	set	12
   375  0094                     _SSPSTATbits	set	148
   376  0094                     _SSPSTAT	set	148
   377  0086                     _TRISBbits	set	134
   378  0089                     _TRISEbits	set	137
   379  008C                     _PIE1bits	set	140
   380  009F                     _ADCON1bits	set	159
   381  0085                     _TRISAbits	set	133
   382  0089                     _TRISE	set	137
   383  0088                     _TRISD	set	136
   384  0087                     _TRISC	set	135
   385  0086                     _TRISB	set	134
   386  0085                     _TRISA	set	133
   387  043B                     _TRISC3	set	1083
   388  043D                     _TRISC5	set	1085
   389  0189                     _ANSELHbits	set	393
   390  0188                     _ANSELbits	set	392
   391  0189                     _ANSELH	set	393
   392  0188                     _ANSEL	set	392
   393                           
   394                           	psect	cinit
   395  000F                     start_initialization:	
   396                           ; #config settings
   397                           
   398  000F                     __initialization:
   399                           
   400                           ; Clear objects allocated to COMMON
   401  000F  01F8               	clrf	__pbssCOMMON& (0+127)
   402  0010  01F9               	clrf	(__pbssCOMMON+1)& (0+127)
   403  0011                     end_of_initialization:	
   404                           ;End of C runtime variable initialization code
   405                           
   406  0011                     __end_of__initialization:
   407  0011  0183               	clrf	3
   408  0012  120A  118A  2904   	ljmp	_main	;jump to C main() function
   409                           
   410                           	psect	bssCOMMON
   411  0078                     __pbssCOMMON:
   412  0078                     _temperatura:
   413  0078                     	ds	1
   414  0079                     _contador:
   415  0079                     	ds	1
   416                           
   417                           	psect	cstackCOMMON
   418  0070                     __pcstackCOMMON:
   419  0070                     ?_setup:
   420  0070                     ?_spiWrite:	
   421                           ; 1 bytes @ 0x0
   422                           
   423  0070                     ?_isr:	
   424                           ; 1 bytes @ 0x0
   425                           
   426  0070                     ??_isr:	
   427                           ; 1 bytes @ 0x0
   428                           
   429  0070                     ?_main:	
   430                           ; 1 bytes @ 0x0
   431                           
   432                           
   433                           ; 2 bytes @ 0x0
   434  0070                     	ds	3
   435  0073                     ?_ADC:
   436  0073                     ??_spiWrite:	
   437                           ; 1 bytes @ 0x3
   438                           
   439  0073                     ?_spiInit:	
   440                           ; 1 bytes @ 0x3
   441                           
   442  0073                     ADC@justificado:	
   443                           ; 1 bytes @ 0x3
   444                           
   445  0073                     spiInit@sDataSample:	
   446                           ; 1 bytes @ 0x3
   447                           
   448  0073                     spiWrite@dat:	
   449                           ; 1 bytes @ 0x3
   450                           
   451                           
   452                           ; 1 bytes @ 0x3
   453  0073                     	ds	1
   454  0074                     ??_ADC:
   455  0074                     spiInit@sClockIdle:	
   456                           ; 1 bytes @ 0x4
   457                           
   458                           
   459                           ; 1 bytes @ 0x4
   460  0074                     	ds	1
   461  0075                     spiInit@sTransmitEdge:
   462                           
   463                           ; 1 bytes @ 0x5
   464  0075                     	ds	1
   465  0076                     ??_spiInit:
   466  0076                     ADC@ANA:	
   467                           ; 1 bytes @ 0x6
   468                           
   469  0076                     spiInit@sType:	
   470                           ; 1 bytes @ 0x6
   471                           
   472                           
   473                           ; 1 bytes @ 0x6
   474  0076                     	ds	1
   475  0077                     ??_setup:
   476  0077                     ??_main:	
   477                           ; 1 bytes @ 0x7
   478                           
   479                           
   480                           ; 1 bytes @ 0x7
   481  0077                     	ds	1
   482                           
   483                           	psect	maintext
   484  0104                     __pmaintext:	
   485 ;;
   486 ;;Main: autosize = 0, tempsize = 1, incstack = 0, save=0
   487 ;;
   488 ;; *************** function _main *****************
   489 ;; Defined at:
   490 ;;		line 45 in file "PICTEMPERATURA.c"
   491 ;; Parameters:    Size  Location     Type
   492 ;;		None
   493 ;; Auto vars:     Size  Location     Type
   494 ;;		None
   495 ;; Return value:  Size  Location     Type
   496 ;;                  2   60[None  ] int 
   497 ;; Registers used:
   498 ;;		wreg, fsr0l, fsr0h, status,2, status,0, pclath, cstack
   499 ;; Tracked objects:
   500 ;;		On entry : B00/0
   501 ;;		On exit  : 0/0
   502 ;;		Unchanged: 0/0
   503 ;; Data sizes:     COMMON   BANK0   BANK1   BANK3   BANK2
   504 ;;      Params:         0       0       0       0       0
   505 ;;      Locals:         0       0       0       0       0
   506 ;;      Temps:          1       0       0       0       0
   507 ;;      Totals:         1       0       0       0       0
   508 ;;Total ram usage:        1 bytes
   509 ;; Hardware stack levels required when called:    3
   510 ;; This function calls:
   511 ;;		_ADC
   512 ;;		_setup
   513 ;;		_spiWrite
   514 ;; This function is called by:
   515 ;;		Startup code after reset
   516 ;; This function uses a non-reentrant model
   517 ;;
   518                           
   519                           
   520                           ;psect for function _main
   521  0104                     _main:
   522  0104                     l1089:	
   523                           ;incstack = 0
   524                           ; Regs used in _main: [wreg-fsr0h+status,2+status,0+pclath+cstack]
   525                           
   526                           
   527                           ;PICTEMPERATURA.c: 46: 
   528  0104  120A  118A  214A  120A  118A  	fcall	_setup
   529  0109                     l1091:
   530                           
   531                           ;PICTEMPERATURA.c: 47: void setup(void) {
   532  0109  01F3               	clrf	ADC@justificado
   533  010A  3000               	movlw	0
   534  010B  120A  118A  2015  120A  118A  	fcall	_ADC
   535  0110                     l1093:
   536                           
   537                           ;PICTEMPERATURA.c: 48:     ANSEL = 0;
   538  0110  1283               	bcf	3,5	;RP0=0, select bank0
   539  0111  1303               	bcf	3,6	;RP1=0, select bank0
   540  0112  149F               	bsf	31,1	;volatile
   541  0113                     l1095:
   542                           
   543                           ;PICTEMPERATURA.c: 49:     ANSELH = 0;
   544  0113  1186               	bcf	6,3	;volatile
   545  0114                     l1097:
   546                           
   547                           ;PICTEMPERATURA.c: 50:     TRISA = 0;
   548  0114  1206               	bcf	6,4	;volatile
   549  0115                     l1099:
   550                           
   551                           ;PICTEMPERATURA.c: 51:     PORTA = 0;
   552  0115  1286               	bcf	6,5	;volatile
   553  0116                     l1101:
   554                           
   555                           ;PICTEMPERATURA.c: 53:     PORTB = 0;
   556  0116  0808               	movf	8,w	;volatile
   557  0117  120A  118A  21B0  120A  118A  	fcall	_spiWrite
   558  011C                     l1103:
   559                           
   560                           ;PICTEMPERATURA.c: 55:     PORTC = 0;
   561  011C  3013               	movlw	19
   562  011D  1283               	bcf	3,5	;RP0=0, select bank0
   563  011E  1303               	bcf	3,6	;RP1=0, select bank0
   564  011F  0208               	subwf	8,w	;volatile
   565  0120  1C03               	skipc
   566  0121  2923               	goto	u131
   567  0122  2924               	goto	u130
   568  0123                     u131:
   569  0123  2928               	goto	l1107
   570  0124                     u130:
   571  0124                     l1105:
   572                           
   573                           ;PICTEMPERATURA.c: 56:     TRISD = 0;
   574  0124  1586               	bsf	6,3	;volatile
   575                           
   576                           ;PICTEMPERATURA.c: 57:     PORTD = 0;
   577  0125  1206               	bcf	6,4	;volatile
   578                           
   579                           ;PICTEMPERATURA.c: 58:     TRISE = 0;
   580  0126  1286               	bcf	6,5	;volatile
   581                           
   582                           ;PICTEMPERATURA.c: 59:     PORTE = 0;
   583  0127  2916               	goto	l1101
   584  0128                     l1107:
   585  0128  300C               	movlw	12
   586  0129  0208               	subwf	8,w	;volatile
   587  012A  1803               	skipnc
   588  012B  292D               	goto	u141
   589  012C  292F               	goto	u140
   590  012D                     u141:
   591  012D  3001               	movlw	1
   592  012E  2930               	goto	u142
   593  012F                     u140:
   594  012F  3000               	movlw	0
   595  0130                     u142:
   596  0130  00F7               	movwf	??_main
   597  0131  3013               	movlw	19
   598  0132  0208               	subwf	8,w	;volatile
   599  0133  1C03               	skipc
   600  0134  2936               	goto	u151
   601  0135  2938               	goto	u150
   602  0136                     u151:
   603  0136  3001               	movlw	1
   604  0137  2939               	goto	u152
   605  0138                     u150:
   606  0138  3000               	movlw	0
   607  0139                     u152:
   608  0139  0577               	andwf	??_main,w
   609  013A  3800               	iorlw	0
   610  013B  1903               	skipnz
   611  013C  293E               	goto	u161
   612  013D  293F               	goto	u160
   613  013E                     u161:
   614  013E  2943               	goto	l64
   615  013F                     u160:
   616  013F                     l1109:
   617                           
   618                           ;PICTEMPERATURA.c: 60:     INTCONbits.GIE = 1;
   619  013F  1186               	bcf	6,3	;volatile
   620                           
   621                           ;PICTEMPERATURA.c: 61:     INTCONbits.PEIE = 1;
   622  0140  1606               	bsf	6,4	;volatile
   623                           
   624                           ;PICTEMPERATURA.c: 62: 
   625  0141  1286               	bcf	6,5	;volatile
   626                           
   627                           ;PICTEMPERATURA.c: 64: 
   628  0142  2916               	goto	l1101
   629  0143                     l64:
   630                           
   631                           ;PICTEMPERATURA.c: 65:     INTCONbits.GIE = 1;
   632  0143  1186               	bcf	6,3	;volatile
   633                           
   634                           ;PICTEMPERATURA.c: 66:     INTCONbits.PEIE = 1;
   635  0144  1206               	bcf	6,4	;volatile
   636                           
   637                           ;PICTEMPERATURA.c: 67: 
   638  0145  1686               	bsf	6,5	;volatile
   639  0146  2916               	goto	l1101
   640  0147  120A  118A  280C   	ljmp	start
   641  014A                     __end_of_main:
   642                           
   643                           	psect	text1
   644  01B0                     __ptext1:	
   645 ;; *************** function _spiWrite *****************
   646 ;; Defined at:
   647 ;;		line 34 in file "SPI.c"
   648 ;; Parameters:    Size  Location     Type
   649 ;;  dat             1    wreg     unsigned char 
   650 ;; Auto vars:     Size  Location     Type
   651 ;;  dat             1    3[COMMON] unsigned char 
   652 ;; Return value:  Size  Location     Type
   653 ;;                  1    wreg      void 
   654 ;; Registers used:
   655 ;;		wreg
   656 ;; Tracked objects:
   657 ;;		On entry : 0/0
   658 ;;		On exit  : 0/0
   659 ;;		Unchanged: 0/0
   660 ;; Data sizes:     COMMON   BANK0   BANK1   BANK3   BANK2
   661 ;;      Params:         0       0       0       0       0
   662 ;;      Locals:         1       0       0       0       0
   663 ;;      Temps:          0       0       0       0       0
   664 ;;      Totals:         1       0       0       0       0
   665 ;;Total ram usage:        1 bytes
   666 ;; Hardware stack levels used:    1
   667 ;; Hardware stack levels required when called:    1
   668 ;; This function calls:
   669 ;;		Nothing
   670 ;; This function is called by:
   671 ;;		_main
   672 ;; This function uses a non-reentrant model
   673 ;;
   674                           
   675                           
   676                           ;psect for function _spiWrite
   677  01B0                     _spiWrite:
   678                           
   679                           ;incstack = 0
   680                           ; Regs used in _spiWrite: [wreg]
   681                           ;spiWrite@dat stored from wreg
   682  01B0  00F3               	movwf	spiWrite@dat
   683  01B1                     l889:
   684                           
   685                           ;SPI.c: 34: void spiWrite(char dat);SPI.c: 35: {;SPI.c: 36:     SSPBUF = dat;
   686  01B1  0873               	movf	spiWrite@dat,w
   687  01B2  1283               	bcf	3,5	;RP0=0, select bank0
   688  01B3  1303               	bcf	3,6	;RP1=0, select bank0
   689  01B4  0093               	movwf	19	;volatile
   690  01B5                     l155:
   691  01B5  0008               	return
   692  01B6                     __end_of_spiWrite:
   693                           
   694                           	psect	text2
   695  014A                     __ptext2:	
   696 ;; *************** function _setup *****************
   697 ;; Defined at:
   698 ;;		line 74 in file "PICTEMPERATURA.c"
   699 ;; Parameters:    Size  Location     Type
   700 ;;		None
   701 ;; Auto vars:     Size  Location     Type
   702 ;;		None
   703 ;; Return value:  Size  Location     Type
   704 ;;                  1    wreg      void 
   705 ;; Registers used:
   706 ;;		wreg, status,2, status,0, pclath, cstack
   707 ;; Tracked objects:
   708 ;;		On entry : 0/0
   709 ;;		On exit  : 0/0
   710 ;;		Unchanged: 0/0
   711 ;; Data sizes:     COMMON   BANK0   BANK1   BANK3   BANK2
   712 ;;      Params:         0       0       0       0       0
   713 ;;      Locals:         0       0       0       0       0
   714 ;;      Temps:          0       0       0       0       0
   715 ;;      Totals:         0       0       0       0       0
   716 ;;Total ram usage:        0 bytes
   717 ;; Hardware stack levels used:    1
   718 ;; Hardware stack levels required when called:    2
   719 ;; This function calls:
   720 ;;		_spiInit
   721 ;; This function is called by:
   722 ;;		_main
   723 ;; This function uses a non-reentrant model
   724 ;;
   725                           
   726                           
   727                           ;psect for function _setup
   728  014A                     _setup:
   729  014A                     l965:	
   730                           ;incstack = 0
   731                           ; Regs used in _setup: [wreg+status,2+status,0+pclath+cstack]
   732                           
   733  014A  1683               	bsf	3,5	;RP0=1, select bank3
   734  014B  1703               	bsf	3,6	;RP1=1, select bank3
   735  014C  0188               	clrf	8	;volatile
   736  014D  0189               	clrf	9	;volatile
   737  014E  1683               	bsf	3,5	;RP0=1, select bank1
   738  014F  1303               	bcf	3,6	;RP1=0, select bank1
   739  0150  0185               	clrf	5	;volatile
   740  0151  1283               	bcf	3,5	;RP0=0, select bank0
   741  0152  1303               	bcf	3,6	;RP1=0, select bank0
   742  0153  0185               	clrf	5	;volatile
   743  0154                     l967:
   744  0154  3003               	movlw	3
   745  0155  1683               	bsf	3,5	;RP0=1, select bank1
   746  0156  1303               	bcf	3,6	;RP1=0, select bank1
   747  0157  0086               	movwf	6	;volatile
   748  0158                     l969:
   749  0158  1283               	bcf	3,5	;RP0=0, select bank0
   750  0159  1303               	bcf	3,6	;RP1=0, select bank0
   751  015A  0186               	clrf	6	;volatile
   752  015B                     l971:
   753  015B  1683               	bsf	3,5	;RP0=1, select bank1
   754  015C  1303               	bcf	3,6	;RP1=0, select bank1
   755  015D  0187               	clrf	7	;volatile
   756  015E                     l973:
   757  015E  1283               	bcf	3,5	;RP0=0, select bank0
   758  015F  1303               	bcf	3,6	;RP1=0, select bank0
   759  0160  0187               	clrf	7	;volatile
   760  0161                     l975:
   761  0161  1683               	bsf	3,5	;RP0=1, select bank1
   762  0162  1303               	bcf	3,6	;RP1=0, select bank1
   763  0163  0188               	clrf	8	;volatile
   764  0164                     l977:
   765  0164  1283               	bcf	3,5	;RP0=0, select bank0
   766  0165  1303               	bcf	3,6	;RP1=0, select bank0
   767  0166  0188               	clrf	8	;volatile
   768  0167                     l979:
   769  0167  1683               	bsf	3,5	;RP0=1, select bank1
   770  0168  1303               	bcf	3,6	;RP1=0, select bank1
   771  0169  0189               	clrf	9	;volatile
   772  016A                     l981:
   773  016A  1283               	bcf	3,5	;RP0=0, select bank0
   774  016B  1303               	bcf	3,6	;RP1=0, select bank0
   775  016C  0189               	clrf	9	;volatile
   776  016D                     l983:
   777  016D  178B               	bsf	11,7	;volatile
   778  016E                     l985:
   779  016E  170B               	bsf	11,6	;volatile
   780  016F                     l987:
   781  016F  01F9               	clrf	_contador
   782  0170                     l989:
   783  0170  178B               	bsf	11,7	;volatile
   784  0171                     l991:
   785  0171  170B               	bsf	11,6	;volatile
   786  0172                     l993:
   787  0172  1683               	bsf	3,5	;RP0=1, select bank1
   788  0173  1303               	bcf	3,6	;RP1=0, select bank1
   789  0174  1685               	bsf	5,5	;volatile
   790  0175                     l995:
   791  0175  01F3               	clrf	spiInit@sDataSample
   792  0176  01F4               	clrf	spiInit@sClockIdle
   793  0177  01F5               	clrf	spiInit@sTransmitEdge
   794  0178  3024               	movlw	36
   795  0179  120A  118A  219A  120A  118A  	fcall	_spiInit
   796  017E                     l71:
   797  017E  0008               	return
   798  017F                     __end_of_setup:
   799                           
   800                           	psect	text3
   801  019A                     __ptext3:	
   802 ;; *************** function _spiInit *****************
   803 ;; Defined at:
   804 ;;		line 12 in file "SPI.c"
   805 ;; Parameters:    Size  Location     Type
   806 ;;  sType           1    wreg     enum E1264
   807 ;;  sDataSample     1    3[COMMON] enum E1272
   808 ;;  sClockIdle      1    4[COMMON] enum E1276
   809 ;;  sTransmitEdg    1    5[COMMON] enum E1280
   810 ;; Auto vars:     Size  Location     Type
   811 ;;  sType           1    6[COMMON] enum E1264
   812 ;; Return value:  Size  Location     Type
   813 ;;                  1    wreg      void 
   814 ;; Registers used:
   815 ;;		wreg, status,2, status,0
   816 ;; Tracked objects:
   817 ;;		On entry : 0/0
   818 ;;		On exit  : 0/0
   819 ;;		Unchanged: 0/0
   820 ;; Data sizes:     COMMON   BANK0   BANK1   BANK3   BANK2
   821 ;;      Params:         3       0       0       0       0
   822 ;;      Locals:         1       0       0       0       0
   823 ;;      Temps:          0       0       0       0       0
   824 ;;      Totals:         4       0       0       0       0
   825 ;;Total ram usage:        4 bytes
   826 ;; Hardware stack levels used:    1
   827 ;; Hardware stack levels required when called:    1
   828 ;; This function calls:
   829 ;;		Nothing
   830 ;; This function is called by:
   831 ;;		_setup
   832 ;; This function uses a non-reentrant model
   833 ;;
   834                           
   835                           
   836                           ;psect for function _spiInit
   837  019A                     _spiInit:
   838                           
   839                           ;incstack = 0
   840                           ; Regs used in _spiInit: [wreg+status,2+status,0]
   841                           ;spiInit@sType stored from wreg
   842  019A  00F6               	movwf	spiInit@sType
   843  019B                     l955:
   844                           
   845                           ;SPI.c: 12: void spiInit(Spi_Type sType, Spi_Data_Sample sDataSample, Spi_Clock_Idle sCl
      +                          ockIdle, Spi_Transmit_Edge sTransmitEdge);SPI.c: 13: {;SPI.c: 14:     TRISC5 = 0;
   846  019B  1683               	bsf	3,5	;RP0=1, select bank1
   847  019C  1303               	bcf	3,6	;RP1=0, select bank1
   848  019D  1287               	bcf	7,5	;volatile
   849                           
   850                           ;SPI.c: 15:     if(sType & 0b00000100)
   851  019E  1D76               	btfss	spiInit@sType,2
   852  019F  29A1               	goto	u101
   853  01A0  29A2               	goto	u100
   854  01A1                     u101:
   855  01A1  29A6               	goto	l961
   856  01A2                     u100:
   857  01A2                     l957:
   858                           
   859                           ;SPI.c: 16:     {;SPI.c: 17:         SSPSTAT = sTransmitEdge;
   860  01A2  0875               	movf	spiInit@sTransmitEdge,w
   861  01A3  0094               	movwf	20	;volatile
   862  01A4                     l959:
   863                           
   864                           ;SPI.c: 18:         TRISC3 = 1;
   865  01A4  1587               	bsf	7,3	;volatile
   866                           
   867                           ;SPI.c: 19:     }
   868  01A5  29AA               	goto	l145
   869  01A6                     l961:
   870                           
   871                           ;SPI.c: 21:     {;SPI.c: 22:         SSPSTAT = sDataSample | sTransmitEdge;
   872  01A6  0873               	movf	spiInit@sDataSample,w
   873  01A7  0475               	iorwf	spiInit@sTransmitEdge,w
   874  01A8  0094               	movwf	20	;volatile
   875  01A9                     l963:
   876                           
   877                           ;SPI.c: 23:         TRISC3 = 0;
   878  01A9  1187               	bcf	7,3	;volatile
   879  01AA                     l145:	
   880                           ;SPI.c: 24:     }
   881                           
   882                           
   883                           ;SPI.c: 26:     SSPCON = sType | sClockIdle;
   884  01AA  0876               	movf	spiInit@sType,w
   885  01AB  0474               	iorwf	spiInit@sClockIdle,w
   886  01AC  1283               	bcf	3,5	;RP0=0, select bank0
   887  01AD  1303               	bcf	3,6	;RP1=0, select bank0
   888  01AE  0094               	movwf	20	;volatile
   889  01AF                     l146:
   890  01AF  0008               	return
   891  01B0                     __end_of_spiInit:
   892                           
   893                           	psect	text4
   894  0015                     __ptext4:	
   895 ;; *************** function _ADC *****************
   896 ;; Defined at:
   897 ;;		line 4 in file "ADC.c"
   898 ;; Parameters:    Size  Location     Type
   899 ;;  ANA             1    wreg     unsigned char 
   900 ;;  justificado     1    3[COMMON] unsigned char 
   901 ;; Auto vars:     Size  Location     Type
   902 ;;  ANA             1    6[COMMON] unsigned char 
   903 ;; Return value:  Size  Location     Type
   904 ;;                  1    wreg      void 
   905 ;; Registers used:
   906 ;;		wreg, fsr0l, fsr0h, status,2, status,0
   907 ;; Tracked objects:
   908 ;;		On entry : 0/0
   909 ;;		On exit  : 0/0
   910 ;;		Unchanged: 0/0
   911 ;; Data sizes:     COMMON   BANK0   BANK1   BANK3   BANK2
   912 ;;      Params:         1       0       0       0       0
   913 ;;      Locals:         1       0       0       0       0
   914 ;;      Temps:          2       0       0       0       0
   915 ;;      Totals:         4       0       0       0       0
   916 ;;Total ram usage:        4 bytes
   917 ;; Hardware stack levels used:    1
   918 ;; Hardware stack levels required when called:    1
   919 ;; This function calls:
   920 ;;		Nothing
   921 ;; This function is called by:
   922 ;;		_main
   923 ;; This function uses a non-reentrant model
   924 ;;
   925                           
   926                           
   927                           ;psect for function _ADC
   928  0015                     _ADC:
   929                           
   930                           ;incstack = 0
   931                           ; Regs used in _ADC: [wreg-fsr0h+status,2+status,0]
   932                           ;ADC@ANA stored from wreg
   933  0015  00F6               	movwf	ADC@ANA
   934  0016                     l997:
   935                           
   936                           ;ADC.c: 7:     ADCON0bits.ADON = 1;
   937  0016  1283               	bcf	3,5	;RP0=0, select bank0
   938  0017  1303               	bcf	3,6	;RP1=0, select bank0
   939  0018  141F               	bsf	31,0	;volatile
   940  0019                     l999:
   941                           
   942                           ;ADC.c: 8:     ADCON0bits.ADCS = 0b10;
   943  0019  081F               	movf	31,w	;volatile
   944  001A  393F               	andlw	-193
   945  001B  3880               	iorlw	128
   946  001C  009F               	movwf	31	;volatile
   947  001D                     l1001:
   948                           
   949                           ;ADC.c: 9:     ADCON1bits.VCFG1 = 0;
   950  001D  1683               	bsf	3,5	;RP0=1, select bank1
   951  001E  1303               	bcf	3,6	;RP1=0, select bank1
   952  001F  129F               	bcf	31,5	;volatile
   953  0020                     l1003:
   954                           
   955                           ;ADC.c: 10:     ADCON1bits.VCFG0 = 0;
   956  0020  121F               	bcf	31,4	;volatile
   957  0021                     l1005:
   958                           
   959                           ;ADC.c: 11:     PIE1bits.ADIE = 1;
   960  0021  170C               	bsf	12,6	;volatile
   961  0022                     l1007:
   962                           
   963                           ;ADC.c: 12:     PIR1bits.ADIF = 0;
   964  0022  1283               	bcf	3,5	;RP0=0, select bank0
   965  0023  1303               	bcf	3,6	;RP1=0, select bank0
   966  0024  130C               	bcf	12,6	;volatile
   967                           
   968                           ;ADC.c: 14:     if (justificado == 0) {
   969  0025  0873               	movf	ADC@justificado,w
   970  0026  1D03               	btfss	3,2
   971  0027  2829               	goto	u111
   972  0028  282A               	goto	u110
   973  0029                     u111:
   974  0029  28FB               	goto	l1045
   975  002A                     u110:
   976  002A                     l1009:
   977                           
   978                           ;ADC.c: 15:         ADCON1bits.ADFM = 0;
   979  002A  1683               	bsf	3,5	;RP0=1, select bank1
   980  002B  1303               	bcf	3,6	;RP1=0, select bank1
   981  002C  139F               	bcf	31,7	;volatile
   982                           
   983                           ;ADC.c: 16:         switch (ANA) {
   984  002D  28C7               	goto	l1043
   985  002E                     l94:	
   986                           ;ADC.c: 17:             case 0:
   987                           
   988                           
   989                           ;ADC.c: 18:                 TRISAbits.TRISA0 = 1;
   990  002E  1405               	bsf	5,0	;volatile
   991                           
   992                           ;ADC.c: 19:                 ANSELbits.ANS0 = 1;
   993  002F  1683               	bsf	3,5	;RP0=1, select bank3
   994  0030  1703               	bsf	3,6	;RP1=1, select bank3
   995  0031  1408               	bsf	8,0	;volatile
   996  0032                     l1011:
   997                           
   998                           ;ADC.c: 20:                 ADCON0bits.CHS = 0b0000;
   999  0032  30C3               	movlw	-61
  1000  0033  1283               	bcf	3,5	;RP0=0, select bank0
  1001  0034  1303               	bcf	3,6	;RP1=0, select bank0
  1002  0035  059F               	andwf	31,f	;volatile
  1003                           
  1004                           ;ADC.c: 21:                 break;
  1005  0036  2903               	goto	l129
  1006  0037                     l96:	
  1007                           ;ADC.c: 22:             case 1:
  1008                           
  1009                           
  1010                           ;ADC.c: 23:                 TRISAbits.TRISA1 = 1;
  1011  0037  1485               	bsf	5,1	;volatile
  1012                           
  1013                           ;ADC.c: 24:                 ANSELbits.ANS1 = 1;
  1014  0038  1683               	bsf	3,5	;RP0=1, select bank3
  1015  0039  1703               	bsf	3,6	;RP1=1, select bank3
  1016  003A  1488               	bsf	8,1	;volatile
  1017  003B                     l1013:
  1018                           
  1019                           ;ADC.c: 25:                 ADCON0bits.CHS = 0b0001;
  1020  003B  1283               	bcf	3,5	;RP0=0, select bank0
  1021  003C  1303               	bcf	3,6	;RP1=0, select bank0
  1022  003D  081F               	movf	31,w	;volatile
  1023  003E  39C3               	andlw	-61
  1024  003F  3804               	iorlw	4
  1025  0040  009F               	movwf	31	;volatile
  1026                           
  1027                           ;ADC.c: 26:                 break;
  1028  0041  2903               	goto	l129
  1029  0042                     l97:	
  1030                           ;ADC.c: 27:             case 2:
  1031                           
  1032                           
  1033                           ;ADC.c: 28:                 TRISAbits.TRISA2 = 1;
  1034  0042  1505               	bsf	5,2	;volatile
  1035                           
  1036                           ;ADC.c: 29:                 ANSELbits.ANS2 = 1;
  1037  0043  1683               	bsf	3,5	;RP0=1, select bank3
  1038  0044  1703               	bsf	3,6	;RP1=1, select bank3
  1039  0045  1508               	bsf	8,2	;volatile
  1040  0046                     l1015:
  1041                           
  1042                           ;ADC.c: 30:                 ADCON0bits.CHS = 0b0010;
  1043  0046  1283               	bcf	3,5	;RP0=0, select bank0
  1044  0047  1303               	bcf	3,6	;RP1=0, select bank0
  1045  0048  081F               	movf	31,w	;volatile
  1046  0049  39C3               	andlw	-61
  1047  004A  3808               	iorlw	8
  1048  004B  009F               	movwf	31	;volatile
  1049                           
  1050                           ;ADC.c: 31:                 break;
  1051  004C  2903               	goto	l129
  1052  004D                     l98:	
  1053                           ;ADC.c: 32:             case 3:
  1054                           
  1055                           
  1056                           ;ADC.c: 33:                 TRISAbits.TRISA3 = 1;
  1057  004D  1585               	bsf	5,3	;volatile
  1058                           
  1059                           ;ADC.c: 34:                 ANSELbits.ANS3 = 1;
  1060  004E  1683               	bsf	3,5	;RP0=1, select bank3
  1061  004F  1703               	bsf	3,6	;RP1=1, select bank3
  1062  0050  1588               	bsf	8,3	;volatile
  1063  0051                     l1017:
  1064                           
  1065                           ;ADC.c: 35:                 ADCON0bits.CHS = 0b0011;
  1066  0051  1283               	bcf	3,5	;RP0=0, select bank0
  1067  0052  1303               	bcf	3,6	;RP1=0, select bank0
  1068  0053  081F               	movf	31,w	;volatile
  1069  0054  39C3               	andlw	-61
  1070  0055  380C               	iorlw	12
  1071  0056  009F               	movwf	31	;volatile
  1072                           
  1073                           ;ADC.c: 36:                 break;
  1074  0057  2903               	goto	l129
  1075  0058                     l99:	
  1076                           ;ADC.c: 37:             case 4:
  1077                           
  1078                           
  1079                           ;ADC.c: 38:                 TRISAbits.TRISA5 = 1;
  1080  0058  1685               	bsf	5,5	;volatile
  1081                           
  1082                           ;ADC.c: 39:                 ANSELbits.ANS4 = 1;
  1083  0059  1683               	bsf	3,5	;RP0=1, select bank3
  1084  005A  1703               	bsf	3,6	;RP1=1, select bank3
  1085  005B  1608               	bsf	8,4	;volatile
  1086  005C                     l1019:
  1087                           
  1088                           ;ADC.c: 40:                 ADCON0bits.CHS = 0b0100;
  1089  005C  1283               	bcf	3,5	;RP0=0, select bank0
  1090  005D  1303               	bcf	3,6	;RP1=0, select bank0
  1091  005E  081F               	movf	31,w	;volatile
  1092  005F  39C3               	andlw	-61
  1093  0060  3810               	iorlw	16
  1094  0061  009F               	movwf	31	;volatile
  1095                           
  1096                           ;ADC.c: 41:                 break;
  1097  0062  2903               	goto	l129
  1098  0063                     l100:	
  1099                           ;ADC.c: 42:             case 5:
  1100                           
  1101                           
  1102                           ;ADC.c: 43:                 TRISEbits.TRISE0 = 1;
  1103  0063  1409               	bsf	9,0	;volatile
  1104                           
  1105                           ;ADC.c: 44:                 ANSELbits.ANS5 = 1;
  1106  0064  1683               	bsf	3,5	;RP0=1, select bank3
  1107  0065  1703               	bsf	3,6	;RP1=1, select bank3
  1108  0066  1688               	bsf	8,5	;volatile
  1109  0067                     l1021:
  1110                           
  1111                           ;ADC.c: 45:                 ADCON0bits.CHS = 0b0101;
  1112  0067  1283               	bcf	3,5	;RP0=0, select bank0
  1113  0068  1303               	bcf	3,6	;RP1=0, select bank0
  1114  0069  081F               	movf	31,w	;volatile
  1115  006A  39C3               	andlw	-61
  1116  006B  3814               	iorlw	20
  1117  006C  009F               	movwf	31	;volatile
  1118                           
  1119                           ;ADC.c: 46:                 break;
  1120  006D  2903               	goto	l129
  1121  006E                     l101:	
  1122                           ;ADC.c: 47:             case 6:
  1123                           
  1124                           
  1125                           ;ADC.c: 48:                 TRISEbits.TRISE1 = 1;
  1126  006E  1489               	bsf	9,1	;volatile
  1127                           
  1128                           ;ADC.c: 49:                 ANSELbits.ANS6 = 1;
  1129  006F  1683               	bsf	3,5	;RP0=1, select bank3
  1130  0070  1703               	bsf	3,6	;RP1=1, select bank3
  1131  0071  1708               	bsf	8,6	;volatile
  1132  0072                     l1023:
  1133                           
  1134                           ;ADC.c: 50:                 ADCON0bits.CHS = 0b0110;
  1135  0072  1283               	bcf	3,5	;RP0=0, select bank0
  1136  0073  1303               	bcf	3,6	;RP1=0, select bank0
  1137  0074  081F               	movf	31,w	;volatile
  1138  0075  39C3               	andlw	-61
  1139  0076  3818               	iorlw	24
  1140  0077  009F               	movwf	31	;volatile
  1141  0078                     l1025:
  1142                           
  1143                           ;ADC.c: 52:                 TRISEbits.TRISE2 = 1;
  1144  0078  1683               	bsf	3,5	;RP0=1, select bank1
  1145  0079  1303               	bcf	3,6	;RP1=0, select bank1
  1146  007A  1509               	bsf	9,2	;volatile
  1147  007B                     l1027:
  1148                           
  1149                           ;ADC.c: 53:                 ANSELbits.ANS7 = 1;
  1150  007B  1683               	bsf	3,5	;RP0=1, select bank3
  1151  007C  1703               	bsf	3,6	;RP1=1, select bank3
  1152  007D  1788               	bsf	8,7	;volatile
  1153                           
  1154                           ;ADC.c: 54:                 ADCON0bits.CHS = 0b0111;
  1155  007E  1283               	bcf	3,5	;RP0=0, select bank0
  1156  007F  1303               	bcf	3,6	;RP1=0, select bank0
  1157  0080  081F               	movf	31,w	;volatile
  1158  0081  39C3               	andlw	-61
  1159  0082  381C               	iorlw	28
  1160  0083  009F               	movwf	31	;volatile
  1161                           
  1162                           ;ADC.c: 55:                 break;
  1163  0084  2903               	goto	l129
  1164  0085                     l103:	
  1165                           ;ADC.c: 56:             case 8:
  1166                           
  1167                           
  1168                           ;ADC.c: 57:                 TRISBbits.TRISB2 = 1;
  1169  0085  1506               	bsf	6,2	;volatile
  1170                           
  1171                           ;ADC.c: 58:                 ANSELHbits.ANS8 = 1;
  1172  0086  1683               	bsf	3,5	;RP0=1, select bank3
  1173  0087  1703               	bsf	3,6	;RP1=1, select bank3
  1174  0088  1409               	bsf	9,0	;volatile
  1175  0089                     l1029:
  1176                           
  1177                           ;ADC.c: 59:                 ADCON0bits.CHS = 0b1000;
  1178  0089  1283               	bcf	3,5	;RP0=0, select bank0
  1179  008A  1303               	bcf	3,6	;RP1=0, select bank0
  1180  008B  081F               	movf	31,w	;volatile
  1181  008C  39C3               	andlw	-61
  1182  008D  3820               	iorlw	32
  1183  008E  009F               	movwf	31	;volatile
  1184                           
  1185                           ;ADC.c: 60:                 break;
  1186  008F  2903               	goto	l129
  1187  0090                     l104:	
  1188                           ;ADC.c: 61:             case 9:
  1189                           
  1190                           
  1191                           ;ADC.c: 62:                 TRISBbits.TRISB3 = 1;
  1192  0090  1586               	bsf	6,3	;volatile
  1193                           
  1194                           ;ADC.c: 63:                 ANSELHbits.ANS9 = 1;
  1195  0091  1683               	bsf	3,5	;RP0=1, select bank3
  1196  0092  1703               	bsf	3,6	;RP1=1, select bank3
  1197  0093  1489               	bsf	9,1	;volatile
  1198  0094                     l1031:
  1199                           
  1200                           ;ADC.c: 64:                 ADCON0bits.CHS = 0b1001;
  1201  0094  1283               	bcf	3,5	;RP0=0, select bank0
  1202  0095  1303               	bcf	3,6	;RP1=0, select bank0
  1203  0096  081F               	movf	31,w	;volatile
  1204  0097  39C3               	andlw	-61
  1205  0098  3824               	iorlw	36
  1206  0099  009F               	movwf	31	;volatile
  1207                           
  1208                           ;ADC.c: 65:                 break;
  1209  009A  2903               	goto	l129
  1210  009B                     l105:	
  1211                           ;ADC.c: 66:             case 10:
  1212                           
  1213                           
  1214                           ;ADC.c: 67:                 TRISBbits.TRISB1 = 1;
  1215  009B  1486               	bsf	6,1	;volatile
  1216                           
  1217                           ;ADC.c: 68:                 ANSELHbits.ANS10 = 1;
  1218  009C  1683               	bsf	3,5	;RP0=1, select bank3
  1219  009D  1703               	bsf	3,6	;RP1=1, select bank3
  1220  009E  1509               	bsf	9,2	;volatile
  1221  009F                     l1033:
  1222                           
  1223                           ;ADC.c: 69:                 ADCON0bits.CHS = 0b1010;
  1224  009F  1283               	bcf	3,5	;RP0=0, select bank0
  1225  00A0  1303               	bcf	3,6	;RP1=0, select bank0
  1226  00A1  081F               	movf	31,w	;volatile
  1227  00A2  39C3               	andlw	-61
  1228  00A3  3828               	iorlw	40
  1229  00A4  009F               	movwf	31	;volatile
  1230                           
  1231                           ;ADC.c: 70:                 break;
  1232  00A5  2903               	goto	l129
  1233  00A6                     l106:	
  1234                           ;ADC.c: 71:             case 11:
  1235                           
  1236                           
  1237                           ;ADC.c: 72:                 TRISBbits.TRISB4 = 1;
  1238  00A6  1606               	bsf	6,4	;volatile
  1239                           
  1240                           ;ADC.c: 73:                 ANSELHbits.ANS11 = 1;
  1241  00A7  1683               	bsf	3,5	;RP0=1, select bank3
  1242  00A8  1703               	bsf	3,6	;RP1=1, select bank3
  1243  00A9  1589               	bsf	9,3	;volatile
  1244  00AA                     l1035:
  1245                           
  1246                           ;ADC.c: 74:                 ADCON0bits.CHS = 0b1011;
  1247  00AA  1283               	bcf	3,5	;RP0=0, select bank0
  1248  00AB  1303               	bcf	3,6	;RP1=0, select bank0
  1249  00AC  081F               	movf	31,w	;volatile
  1250  00AD  39C3               	andlw	-61
  1251  00AE  382C               	iorlw	44
  1252  00AF  009F               	movwf	31	;volatile
  1253                           
  1254                           ;ADC.c: 75:                 break;
  1255  00B0  2903               	goto	l129
  1256  00B1                     l107:	
  1257                           ;ADC.c: 76:             case 12:
  1258                           
  1259                           
  1260                           ;ADC.c: 77:                 TRISBbits.TRISB0 = 1;
  1261  00B1  1406               	bsf	6,0	;volatile
  1262                           
  1263                           ;ADC.c: 78:                 ANSELHbits.ANS12 = 1;
  1264  00B2  1683               	bsf	3,5	;RP0=1, select bank3
  1265  00B3  1703               	bsf	3,6	;RP1=1, select bank3
  1266  00B4  1609               	bsf	9,4	;volatile
  1267  00B5                     l1037:
  1268                           
  1269                           ;ADC.c: 79:                 ADCON0bits.CHS = 0b1100;
  1270  00B5  1283               	bcf	3,5	;RP0=0, select bank0
  1271  00B6  1303               	bcf	3,6	;RP1=0, select bank0
  1272  00B7  081F               	movf	31,w	;volatile
  1273  00B8  39C3               	andlw	-61
  1274  00B9  3830               	iorlw	48
  1275  00BA  009F               	movwf	31	;volatile
  1276                           
  1277                           ;ADC.c: 80:                 break;
  1278  00BB  2903               	goto	l129
  1279  00BC                     l108:	
  1280                           ;ADC.c: 81:             case 13:
  1281                           
  1282                           
  1283                           ;ADC.c: 82:                 TRISBbits.TRISB5 = 1;
  1284  00BC  1686               	bsf	6,5	;volatile
  1285                           
  1286                           ;ADC.c: 83:                 ANSELHbits.ANS13 = 1;
  1287  00BD  1683               	bsf	3,5	;RP0=1, select bank3
  1288  00BE  1703               	bsf	3,6	;RP1=1, select bank3
  1289  00BF  1689               	bsf	9,5	;volatile
  1290  00C0                     l1039:
  1291                           
  1292                           ;ADC.c: 84:                 ADCON0bits.CHS = 0b1101;
  1293  00C0  1283               	bcf	3,5	;RP0=0, select bank0
  1294  00C1  1303               	bcf	3,6	;RP1=0, select bank0
  1295  00C2  081F               	movf	31,w	;volatile
  1296  00C3  39C3               	andlw	-61
  1297  00C4  3834               	iorlw	52
  1298  00C5  009F               	movwf	31	;volatile
  1299                           
  1300                           ;ADC.c: 85:                 break;
  1301  00C6  2903               	goto	l129
  1302  00C7                     l1043:
  1303  00C7  0876               	movf	ADC@ANA,w
  1304  00C8  00F4               	movwf	??_ADC
  1305  00C9  01F5               	clrf	??_ADC+1
  1306                           
  1307                           ; Switch on 2 bytes has been partitioned into a top level switch of size 1, and 1 sub-sw
      +                          itches
  1308                           ; Switch size 1, requested type "simple"
  1309                           ; Number of cases is 1, Range of values is 0 to 0
  1310                           ; switch strategies available:
  1311                           ; Name         Instructions Cycles
  1312                           ; simple_byte            4     3 (average)
  1313                           ; direct_byte           11     8 (fixed)
  1314                           ; jumptable            260     6 (fixed)
  1315                           ;	Chosen strategy is simple_byte
  1316  00CA  0875               	movf	??_ADC+1,w
  1317  00CB  3A00               	xorlw	0	; case 0
  1318  00CC  1903               	skipnz
  1319  00CD  28CF               	goto	l1131
  1320  00CE  2903               	goto	l129
  1321  00CF                     l1131:
  1322                           
  1323                           ; Switch size 1, requested type "simple"
  1324                           ; Number of cases is 14, Range of values is 0 to 13
  1325                           ; switch strategies available:
  1326                           ; Name         Instructions Cycles
  1327                           ; simple_byte           43    22 (average)
  1328                           ; direct_byte           50     8 (fixed)
  1329                           ; jumptable            260     6 (fixed)
  1330                           ;	Chosen strategy is simple_byte
  1331  00CF  0874               	movf	??_ADC,w
  1332  00D0  3A00               	xorlw	0	; case 0
  1333  00D1  1903               	skipnz
  1334  00D2  282E               	goto	l94
  1335  00D3  3A01               	xorlw	1	; case 1
  1336  00D4  1903               	skipnz
  1337  00D5  2837               	goto	l96
  1338  00D6  3A03               	xorlw	3	; case 2
  1339  00D7  1903               	skipnz
  1340  00D8  2842               	goto	l97
  1341  00D9  3A01               	xorlw	1	; case 3
  1342  00DA  1903               	skipnz
  1343  00DB  284D               	goto	l98
  1344  00DC  3A07               	xorlw	7	; case 4
  1345  00DD  1903               	skipnz
  1346  00DE  2858               	goto	l99
  1347  00DF  3A01               	xorlw	1	; case 5
  1348  00E0  1903               	skipnz
  1349  00E1  2863               	goto	l100
  1350  00E2  3A03               	xorlw	3	; case 6
  1351  00E3  1903               	skipnz
  1352  00E4  286E               	goto	l101
  1353  00E5  3A01               	xorlw	1	; case 7
  1354  00E6  1903               	skipnz
  1355  00E7  2878               	goto	l1025
  1356  00E8  3A0F               	xorlw	15	; case 8
  1357  00E9  1903               	skipnz
  1358  00EA  2885               	goto	l103
  1359  00EB  3A01               	xorlw	1	; case 9
  1360  00EC  1903               	skipnz
  1361  00ED  2890               	goto	l104
  1362  00EE  3A03               	xorlw	3	; case 10
  1363  00EF  1903               	skipnz
  1364  00F0  289B               	goto	l105
  1365  00F1  3A01               	xorlw	1	; case 11
  1366  00F2  1903               	skipnz
  1367  00F3  28A6               	goto	l106
  1368  00F4  3A07               	xorlw	7	; case 12
  1369  00F5  1903               	skipnz
  1370  00F6  28B1               	goto	l107
  1371  00F7  3A01               	xorlw	1	; case 13
  1372  00F8  1903               	skipnz
  1373  00F9  28BC               	goto	l108
  1374  00FA  2903               	goto	l129
  1375  00FB                     l1045:
  1376  00FB  0373               	decf	ADC@justificado,w
  1377  00FC  1D03               	btfss	3,2
  1378  00FD  28FF               	goto	u121
  1379  00FE  2900               	goto	u120
  1380  00FF                     u121:
  1381  00FF  2903               	goto	l129
  1382  0100                     u120:
  1383  0100                     l1047:
  1384                           
  1385                           ;ADC.c: 90:         ADCON1bits.ADFM = 1;
  1386  0100  1683               	bsf	3,5	;RP0=1, select bank1
  1387  0101  1303               	bcf	3,6	;RP1=0, select bank1
  1388  0102  179F               	bsf	31,7	;volatile
  1389  0103                     l129:	
  1390                           ;ADC.c: 91:         switch (ANA) {
  1391                           
  1392  0103  0008               	return
  1393  0104                     __end_of_ADC:
  1394                           
  1395                           	psect	text5
  1396  017F                     __ptext5:	
  1397 ;; *************** function _isr *****************
  1398 ;; Defined at:
  1399 ;;		line 35 in file "PICTEMPERATURA.c"
  1400 ;; Parameters:    Size  Location     Type
  1401 ;;		None
  1402 ;; Auto vars:     Size  Location     Type
  1403 ;;		None
  1404 ;; Return value:  Size  Location     Type
  1405 ;;                  1    wreg      void 
  1406 ;; Registers used:
  1407 ;;		wreg
  1408 ;; Tracked objects:
  1409 ;;		On entry : 0/0
  1410 ;;		On exit  : 0/0
  1411 ;;		Unchanged: 0/0
  1412 ;; Data sizes:     COMMON   BANK0   BANK1   BANK3   BANK2
  1413 ;;      Params:         0       0       0       0       0
  1414 ;;      Locals:         0       0       0       0       0
  1415 ;;      Temps:          3       0       0       0       0
  1416 ;;      Totals:         3       0       0       0       0
  1417 ;;Total ram usage:        3 bytes
  1418 ;; Hardware stack levels used:    1
  1419 ;; This function calls:
  1420 ;;		Nothing
  1421 ;; This function is called by:
  1422 ;;		Interrupt level 1
  1423 ;; This function uses a non-reentrant model
  1424 ;;
  1425                           
  1426                           
  1427                           ;psect for function _isr
  1428  017F                     _isr:
  1429  017F                     i1l893:
  1430                           
  1431                           ;PICTEMPERATURA.c: 37:         } else {
  1432  017F  1283               	bcf	3,5	;RP0=0, select bank0
  1433  0180  1303               	bcf	3,6	;RP1=0, select bank0
  1434  0181  1F0C               	btfss	12,6	;volatile
  1435  0182  2984               	goto	u5_21
  1436  0183  2985               	goto	u5_20
  1437  0184                     u5_21:
  1438  0184  2993               	goto	i1l56
  1439  0185                     u5_20:
  1440  0185                     i1l895:
  1441                           
  1442                           ;PICTEMPERATURA.c: 38:             PORTBbits.RB3 = 0;
  1443  0185  081E               	movf	30,w	;volatile
  1444  0186  0088               	movwf	8	;volatile
  1445  0187                     i1l897:
  1446                           
  1447                           ;PICTEMPERATURA.c: 39:             PORTBbits.RB4 = 0;
  1448  0187  130C               	bcf	12,6	;volatile
  1449                           
  1450                           ;PICTEMPERATURA.c: 40:             PORTBbits.RB5 = 1;
  1451  0188  30E4               	movlw	228
  1452  0189  00F0               	movwf	??_isr
  1453  018A                     u17_27:
  1454  018A  298B               	nop2
  1455  018B  298C               	nop2
  1456  018C  0BF0               	decfsz	??_isr,f
  1457  018D  298A               	goto	u17_27
  1458  018E  298F               	nop2
  1459  018F  0000               	nop
  1460  0190                     i1l899:
  1461                           
  1462                           ;PICTEMPERATURA.c: 41:         }
  1463  0190  1283               	bcf	3,5	;RP0=0, select bank0
  1464  0191  1303               	bcf	3,6	;RP1=0, select bank0
  1465  0192  149F               	bsf	31,1	;volatile
  1466  0193                     i1l56:
  1467  0193  0872               	movf	??_isr+2,w
  1468  0194  008A               	movwf	10
  1469  0195  0E71               	swapf	??_isr+1,w
  1470  0196  0083               	movwf	3
  1471  0197  0EFE               	swapf	btemp,f
  1472  0198  0E7E               	swapf	btemp,w
  1473  0199  0009               	retfie
  1474  019A                     __end_of_isr:
  1475  007E                     btemp	set	126	;btemp
  1476  007E                     wtemp0	set	126
  1477                           
  1478                           	psect	intentry
  1479  0004                     __pintentry:	
  1480                           ;incstack = 0
  1481                           ; Regs used in _isr: [wreg]
  1482                           
  1483  0004                     interrupt_function:
  1484  007E                     saved_w	set	btemp
  1485  0004  00FE               	movwf	btemp
  1486  0005  0E03               	swapf	3,w
  1487  0006  00F1               	movwf	??_isr+1
  1488  0007  080A               	movf	10,w
  1489  0008  00F2               	movwf	??_isr+2
  1490  0009  120A  118A  297F   	ljmp	_isr
  1491                           
  1492                           	psect	config
  1493                           
  1494                           ;Config register CONFIG1 @ 0x2007
  1495                           ;	Oscillator Selection bits
  1496                           ;	FOSC = HS, HS oscillator: High-speed crystal/resonator on RA6/OSC2/CLKOUT and RA7/OSC1
      +                          /CLKIN
  1497                           ;	Watchdog Timer Enable bit
  1498                           ;	WDTE = OFF, WDT disabled and can be enabled by SWDTEN bit of the WDTCON register
  1499                           ;	Power-up Timer Enable bit
  1500                           ;	PWRTE = OFF, PWRT disabled
  1501                           ;	RE3/MCLR pin function select bit
  1502                           ;	MCLRE = 0x1, unprogrammed default
  1503                           ;	Code Protection bit
  1504                           ;	CP = OFF, Program memory code protection is disabled
  1505                           ;	Data Code Protection bit
  1506                           ;	CPD = OFF, Data memory code protection is disabled
  1507                           ;	Brown Out Reset Selection bits
  1508                           ;	BOREN = ON, BOR enabled
  1509                           ;	Internal External Switchover bit
  1510                           ;	IESO = 0x1, unprogrammed default
  1511                           ;	Fail-Safe Clock Monitor Enabled bit
  1512                           ;	FCMEN = 0x1, unprogrammed default
  1513                           ;	Low Voltage Programming Enable bit
  1514                           ;	LVP = OFF, RB3 pin has digital I/O, HV on MCLR must be used for programming
  1515                           ;	In-Circuit Debugger Mode bit
  1516                           ;	DEBUG = 0x1, unprogrammed default
  1517  2007                     	org	8199
  1518  2007  2FF2               	dw	12274
  1519                           
  1520                           ;Config register CONFIG2 @ 0x2008
  1521                           ;	Brown-out Reset Selection bit
  1522                           ;	BOR4V = 0x1, unprogrammed default
  1523                           ;	Flash Program Memory Self Write Enable bits
  1524                           ;	WRT = OFF, Write protection off
  1525  2008                     	org	8200
  1526  2008  3FFF               	dw	16383

Data Sizes:
    Strings     0
    Constant    0
    Data        0
    BSS         2
    Persistent  0
    Stack       0

Auto Spaces:
    Space          Size  Autos    Used
    COMMON           14      8      10
    BANK0            80      0       0
    BANK1            80      0       0
    BANK3            96      0       0
    BANK2            96      0       0

Pointer List with Targets:

    None.

Critical Paths under _main in COMMON

    _main->_ADC
    _setup->_spiInit

Critical Paths under _isr in COMMON

    None.

Critical Paths under _main in BANK0

    None.

Critical Paths under _isr in BANK0

    None.

Critical Paths under _main in BANK1

    None.

Critical Paths under _isr in BANK1

    None.

Critical Paths under _main in BANK3

    None.

Critical Paths under _isr in BANK3

    None.

Critical Paths under _main in BANK2

    None.

Critical Paths under _isr in BANK2

    None.

Call Graph Tables:

 ---------------------------------------------------------------------------------
 (Depth) Function   	        Calls       Base Space   Used Autos Params    Refs
 ---------------------------------------------------------------------------------
 (0) _main                                                 1     1      0     539
                                              7 COMMON     1     1      0
                                _ADC
                              _setup
                           _spiWrite
 ---------------------------------------------------------------------------------
 (1) _spiWrite                                             1     1      0      15
                                              3 COMMON     1     1      0
 ---------------------------------------------------------------------------------
 (1) _setup                                                0     0      0     360
                            _spiInit
 ---------------------------------------------------------------------------------
 (2) _spiInit                                              4     1      3     360
                                              3 COMMON     4     1      3
 ---------------------------------------------------------------------------------
 (1) _ADC                                                  4     3      1     164
                                              3 COMMON     4     3      1
 ---------------------------------------------------------------------------------
 Estimated maximum stack depth 2
 ---------------------------------------------------------------------------------
 (Depth) Function   	        Calls       Base Space   Used Autos Params    Refs
 ---------------------------------------------------------------------------------
 (3) _isr                                                  3     3      0       0
                                              0 COMMON     3     3      0
 ---------------------------------------------------------------------------------
 Estimated maximum stack depth 3
 ---------------------------------------------------------------------------------

 Call Graph Graphs:

 _main (ROOT)
   _ADC
   _setup
     _spiInit
   _spiWrite

 _isr (ROOT)

 Address spaces:
Name               Size   Autos  Total    Cost      Usage
BITCOMMON            E      0       0       0        0.0%
EEDATA             100      0       0       0        0.0%
NULL                 0      0       0       0        0.0%
CODE                 0      0       0       0        0.0%
COMMON               E      8       A       1       71.4%
BITSFR0              0      0       0       1        0.0%
SFR0                 0      0       0       1        0.0%
BITSFR1              0      0       0       2        0.0%
SFR1                 0      0       0       2        0.0%
STACK                0      0       0       2        0.0%
ABS                  0      0       A       3        0.0%
BITBANK0            50      0       0       4        0.0%
BITSFR3              0      0       0       4        0.0%
SFR3                 0      0       0       4        0.0%
BANK0               50      0       0       5        0.0%
BITSFR2              0      0       0       5        0.0%
SFR2                 0      0       0       5        0.0%
BITBANK1            50      0       0       6        0.0%
BANK1               50      0       0       7        0.0%
BITBANK3            60      0       0       8        0.0%
BANK3               60      0       0       9        0.0%
BITBANK2            60      0       0      10        0.0%
BANK2               60      0       0      11        0.0%
DATA                 0      0       A      12        0.0%


Microchip Technology PIC Macro Assembler V2.31 build 20201012212115 
Symbol Table                                                                                   Tue Feb 23 16:19:09 2021

            _SSPSTATbits 0094                       l71 017E                       l64 0143  
                     l94 002E                       l96 0037                       l97 0042  
                     l98 004D                       l99 0058                      l100 0063  
                    l101 006E                      l103 0085                      l104 0090  
                    l105 009B                      l106 00A6                      l107 00B1  
                    l108 00BC                      l129 0103                      l145 01AA  
                    l146 01AF                      l155 01B5                      _ADC 0015  
                    l961 01A6                      l963 01A9                      l955 019B  
                    l971 015B                      l957 01A2                      l981 016A  
                    l973 015E                      l965 014A                      l959 01A4  
                    l991 0171                      l983 016D                      l975 0161  
                    l967 0154                      l993 0172                      l985 016E  
                    l977 0164                      l969 0158                      l889 01B1  
                    l995 0175                      l987 016F                      l979 0167  
                    l997 0016                      l989 0170                      l999 0019  
                    u100 01A2                      u101 01A1                      u110 002A  
                    u111 0029                      u120 0100                      u121 00FF  
                    u130 0124                      u131 0123                      u140 012F  
                    u141 012D                      u150 0138                      u142 0130  
                    u151 0136                      u160 013F                      u152 0139  
                    u161 013E                      _isr 017F                     ?_ADC 0073  
                   l1001 001D                     l1011 0032                     l1003 0020  
                   l1021 0067                     l1013 003B                     l1005 0021  
                   l1101 0116                     l1031 0094                     l1023 0072  
                   l1015 0046                     l1007 0022                     l1103 011C  
                   l1033 009F                     l1025 0078                     l1017 0051  
                   l1009 002A                     l1105 0124                     l1131 00CF  
                   l1035 00AA                     l1027 007B                     l1019 005C  
                   l1043 00C7                     l1107 0128                     l1037 00B5  
                   l1029 0089                     l1045 00FB                     l1109 013F  
                   l1047 0100                     l1039 00C0                     l1091 0109  
                   l1093 0110                     l1095 0113                     l1097 0114  
                   l1089 0104                     l1099 0115                     ?_isr 0070  
                   i1l56 0193                     u5_20 0185                     u5_21 0184  
                   _main 0104                     btemp 007E                     start 000C  
                  ??_ADC 0074                    ??_isr 0070                    ?_main 0070  
                  _ANSEL 0188                    i1l893 017F                    i1l895 0185  
                  i1l897 0187                    i1l899 0190                    u17_27 018A  
                  _PORTA 0005                    _PORTB 0006                    _PORTC 0007  
                  _PORTD 0008                    _PORTE 0009                    _TRISA 0085  
                  _TRISB 0086                    _TRISC 0087                    _TRISD 0088  
                  _TRISE 0089                    _setup 014A                    pclath 000A  
        __end_of_spiInit 01B0                    status 0003                    wtemp0 007E  
        __initialization 000F             __end_of_main 014A                   ADC@ANA 0076  
                 ??_main 0077                   _ADRESH 001E                   ?_setup 0070  
                 _ANSELH 0189                   _TRISC3 043B                   _TRISC5 043D  
                 _SSPCON 0014                   _SSPBUF 0013                   saved_w 007E  
       __end_of_spiWrite 01B6                ??_spiInit 0076  __end_of__initialization 0011  
         ADC@justificado 0073           __pcstackCOMMON 0070            __end_of_setup 017F  
                ??_setup 0077               __pmaintext 0104               __pintentry 0004  
                _SSPSTAT 0094                ?_spiWrite 0070                _ANSELbits 0188  
                __ptext1 01B0                  __ptext2 014A                  __ptext3 019A  
                __ptext4 0015                  __ptext5 017F             __size_of_ADC 00EF  
           __size_of_isr 001B                  _spiInit 019A     end_of_initialization 0011  
             ??_spiWrite 0073                _PORTBbits 0006                _TRISAbits 0085  
              _TRISBbits 0086                _TRISEbits 0089              spiWrite@dat 0073  
    start_initialization 000F              __end_of_ADC 0104              __end_of_isr 019A  
            __pbssCOMMON 0078                ___latbits 0002        __size_of_spiWrite 0006  
               ?_spiInit 0073           __size_of_setup 0035     spiInit@sTransmitEdge 0075  
      interrupt_function 0004                 _PIE1bits 008C       spiInit@sDataSample 0073  
               _PIR1bits 000C               _ADCON0bits 001F               _ADCON1bits 009F  
             _ANSELHbits 0189         __size_of_spiInit 0016                 _contador 0079  
          __size_of_main 0046                 _spiWrite 01B0             spiInit@sType 0076  
      spiInit@sClockIdle 0074               _INTCONbits 000B                 intlevel1 0000  
            _temperatura 0078  
